<?xml version="1.0" encoding="UTF-8"?>
<!-- Generated by org.testng.reporters.JUnitReportReporter -->
<testsuite skipped="0" hostname="DESKTOP-7DU1KEM" name="testSample.MailTest" tests="1" failures="0" timestamp="2020-05-13T12:31:35 MSK" time="13.857" errors="0">
  <testcase name="SendMessage" time="13.857" classname="testSample.MailTest"/>
  <system-out/>
</testsuite> <!-- testSample.MailTest -->
