<?xml version="1.0" encoding="UTF-8"?>
<!-- Generated by org.testng.reporters.JUnitReportReporter -->
<testsuite skipped="0" hostname="DESKTOP-7DU1KEM" name="TestSample.MailTest" tests="1" failures="0" timestamp="2020-04-29T14:06:39 MSK" time="13.213" errors="0">
  <testcase name="loginMail" time="13.213" classname="TestSample.MailTest"/>
  <system-out/>
</testsuite> <!-- TestSample.MailTest -->
