<?xml version="1.0" encoding="UTF-8"?>
<!-- Generated by org.testng.reporters.JUnitReportReporter -->
<testsuite skipped="0" hostname="DESKTOP-7DU1KEM" name="testSample.MailTest" tests="1" failures="0" timestamp="2020-05-06T12:21:38 MSK" time="12.916" errors="0">
  <testcase name="SendMessage" time="12.916" classname="testSample.MailTest"/>
  <system-out/>
</testsuite> <!-- testSample.MailTest -->
